<?xml version="1.0" encoding="UTF-8"?>
<!-- Generated by org.testng.reporters.JUnitReportReporter -->
<testsuite hostname="QA-Balakrishnan" failures="0" tests="1" name="fileCompression.Zip" time="0.125" errors="0" timestamp="06 Sep 2019 13:59:25 GMT" skipped="0">
  <testcase classname="fileCompression.Zip" name="main" time="0.125"/>
</testsuite> <!-- fileCompression.Zip -->
