<?xml version="1.0" encoding="UTF-8"?>
<!-- Generated by org.testng.reporters.JUnitReportReporter -->
<testsuite hostname="QA-Balakrishnan" failures="0" tests="1" name="fileCompression.ZipFile" time="0.015" errors="0" timestamp="06 Sep 2019 05:09:11 GMT" skipped="0">
  <testcase classname="fileCompression.ZipFile" name="zip" time="0.015"/>
</testsuite> <!-- fileCompression.ZipFile -->
